<?xml version="1.0" encoding="UTF-8"?>
<!-- Generated by org.testng.reporters.JUnitReportReporter -->
<testsuite hostname="DESKTOP-587F43C" failures="0" tests="1" name="testcases.CreatePortfolioTest" time="4.851" errors="0" timestamp="2022-09-17T23:32:07 IST" skipped="0">
  <testcase classname="testcases.CreatePortfolioTest" name="createPFTest" time="4.851"/>
  <system-out/>
</testsuite> <!-- testcases.CreatePortfolioTest -->
